node:internal/modules/cjs/loader:1143
  throw err;
  ^

Error: Cannot find module 'c:\Users\manan\Desktop\twodo\frontend\polyfill.js'
Require stack:
- internal/preload
    at Module._resolveFilename (node:internal/modules/cjs/loader:1140:15)
    at Module._load (node:internal/modules/cjs/loader:981:27)
    at internalRequire (node:internal/modules/cjs/loader:174:19)
    at Module._preloadModules (node:internal/modules/cjs/loader:1569:5)
    at loadPreloadModules (node:internal/process/pre_execution:628:5)
    at setupUserModules (node:internal/process/pre_execution:154:3)
    at prepareExecution (node:internal/process/pre_execution:114:5)
    at prepareMainThreadExecution (node:internal/process/pre_execution:40:10)
    at node:internal/main/run_main_module:11:19 {
  code: 'MODULE_NOT_FOUND',
  requireStack: [ 'internal/preload' ]
}

Node.js v18.20.8
node:internal/modules/cjs/loader:1143
  throw err;
  ^

Error: Cannot find module 'c:\Users\manan\Desktop\twodo\frontend\polyfill.js'
Require stack:
- internal/preload
    at Module._resolveFilename (node:internal/modules/cjs/loader:1140:15)
    at Module._load (node:internal/modules/cjs/loader:981:27)
    at internalRequire (node:internal/modules/cjs/loader:174:19)
    at Module._preloadModules (node:internal/modules/cjs/loader:1569:5)
    at loadPreloadModules (node:internal/process/pre_execution:628:5)
    at setupUserModules (node:internal/process/pre_execution:154:3)
    at prepareExecution (node:internal/process/pre_execution:114:5)
    at prepareMainThreadExecution (node:internal/process/pre_execution:40:10)
    at node:internal/main/run_main_module:11:19 {
  code: 'MODULE_NOT_FOUND',
  requireStack: [ 'internal/preload' ]
}

Node.js v18.20.8
